<?xml version="1.0" encoding="UTF-8"?>
<testsuite name="com.example.demo.CartApplicationTests" tests="1" skipped="0" failures="0" errors="0" timestamp="2022-03-08T08:47:47" hostname="NCEL111923" time="0.056">
  <properties/>
  <testcase name="contextLoads()" classname="com.example.demo.CartApplicationTests" time="0.056"/>
  <system-out><![CDATA[09:47:44.408 [Test worker] DEBUG org.springframework.test.context.BootstrapUtils - Instantiating CacheAwareContextLoaderDelegate from class [org.springframework.test.context.cache.DefaultCacheAwareContextLoaderDelegate]
09:47:44.418 [Test worker] DEBUG org.springframework.test.context.BootstrapUtils - Instantiating BootstrapContext using constructor [public org.springframework.test.context.support.DefaultBootstrapContext(java.lang.Class,org.springframework.test.context.CacheAwareContextLoaderDelegate)]
09:47:44.443 [Test worker] DEBUG org.springframework.test.context.BootstrapUtils - Instantiating TestContextBootstrapper for test class [com.example.demo.CartApplicationTests] from class [org.springframework.boot.test.context.SpringBootTestContextBootstrapper]
09:47:44.454 [Test worker] INFO org.springframework.boot.test.context.SpringBootTestContextBootstrapper - Neither @ContextConfiguration nor @ContextHierarchy found for test class [com.example.demo.CartApplicationTests], using SpringBootContextLoader
09:47:44.457 [Test worker] DEBUG org.springframework.test.context.support.AbstractContextLoader - Did not detect default resource location for test class [com.example.demo.CartApplicationTests]: class path resource [com/example/demo/CartApplicationTests-context.xml] does not exist
09:47:44.457 [Test worker] DEBUG org.springframework.test.context.support.AbstractContextLoader - Did not detect default resource location for test class [com.example.demo.CartApplicationTests]: class path resource [com/example/demo/CartApplicationTestsContext.groovy] does not exist
09:47:44.457 [Test worker] INFO org.springframework.test.context.support.AbstractContextLoader - Could not detect default resource locations for test class [com.example.demo.CartApplicationTests]: no resource found for suffixes {-context.xml, Context.groovy}.
09:47:44.458 [Test worker] INFO org.springframework.test.context.support.AnnotationConfigContextLoaderUtils - Could not detect default configuration classes for test class [com.example.demo.CartApplicationTests]: CartApplicationTests does not declare any static, non-private, non-final, nested classes annotated with @Configuration.
09:47:44.489 [Test worker] DEBUG org.springframework.test.context.support.ActiveProfilesUtils - Could not find an 'annotation declaring class' for annotation type [org.springframework.test.context.ActiveProfiles] and class [com.example.demo.CartApplicationTests]
09:47:44.530 [Test worker] DEBUG org.springframework.context.annotation.ClassPathScanningCandidateComponentProvider - Identified candidate component class: file [C:\Users\yharaki\IdeaProjects\microservice\cart\build\classes\java\main\com\example\demo\CartApplication.class]
09:47:44.531 [Test worker] INFO org.springframework.boot.test.context.SpringBootTestContextBootstrapper - Found @SpringBootConfiguration com.example.demo.CartApplication for test class com.example.demo.CartApplicationTests
09:47:44.630 [Test worker] DEBUG org.springframework.boot.test.context.SpringBootTestContextBootstrapper - @TestExecutionListeners is not present for class [com.example.demo.CartApplicationTests]: using defaults.
09:47:44.630 [Test worker] INFO org.springframework.boot.test.context.SpringBootTestContextBootstrapper - Loaded default TestExecutionListener class names from location [META-INF/spring.factories]: [org.springframework.boot.test.autoconfigure.restdocs.RestDocsTestExecutionListener, org.springframework.boot.test.autoconfigure.web.client.MockRestServiceServerResetTestExecutionListener, org.springframework.boot.test.autoconfigure.web.servlet.MockMvcPrintOnlyOnFailureTestExecutionListener, org.springframework.boot.test.autoconfigure.web.servlet.WebDriverTestExecutionListener, org.springframework.boot.test.autoconfigure.webservices.client.MockWebServiceServerTestExecutionListener, org.springframework.boot.test.mock.mockito.MockitoTestExecutionListener, org.springframework.boot.test.mock.mockito.ResetMocksTestExecutionListener, org.springframework.test.context.web.ServletTestExecutionListener, org.springframework.test.context.support.DirtiesContextBeforeModesTestExecutionListener, org.springframework.test.context.event.ApplicationEventsTestExecutionListener, org.springframework.test.context.support.DependencyInjectionTestExecutionListener, org.springframework.test.context.support.DirtiesContextTestExecutionListener, org.springframework.test.context.transaction.TransactionalTestExecutionListener, org.springframework.test.context.jdbc.SqlScriptsTestExecutionListener, org.springframework.test.context.event.EventPublishingTestExecutionListener]
09:47:44.648 [Test worker] INFO org.springframework.boot.test.context.SpringBootTestContextBootstrapper - Using TestExecutionListeners: [org.springframework.test.context.web.ServletTestExecutionListener@19be66c, org.springframework.test.context.support.DirtiesContextBeforeModesTestExecutionListener@bada5a, org.springframework.test.context.event.ApplicationEventsTestExecutionListener@c61024, org.springframework.boot.test.mock.mockito.MockitoTestExecutionListener@61fe30, org.springframework.boot.test.autoconfigure.SpringBootDependencyInjectionTestExecutionListener@c9d0d6, org.springframework.test.context.support.DirtiesContextTestExecutionListener@cdb29f, org.springframework.test.context.transaction.TransactionalTestExecutionListener@dcc812, org.springframework.test.context.jdbc.SqlScriptsTestExecutionListener@1432107, org.springframework.test.context.event.EventPublishingTestExecutionListener@1420819, org.springframework.boot.test.autoconfigure.restdocs.RestDocsTestExecutionListener@1a14a4, org.springframework.boot.test.autoconfigure.web.client.MockRestServiceServerResetTestExecutionListener@5adfad, org.springframework.boot.test.autoconfigure.web.servlet.MockMvcPrintOnlyOnFailureTestExecutionListener@3d9978, org.springframework.boot.test.autoconfigure.web.servlet.WebDriverTestExecutionListener@1544ae6, org.springframework.boot.test.autoconfigure.webservices.client.MockWebServiceServerTestExecutionListener@141dd5c, org.springframework.boot.test.mock.mockito.ResetMocksTestExecutionListener@196c42e]
09:47:44.650 [Test worker] DEBUG org.springframework.test.context.support.AbstractDirtiesContextTestExecutionListener - Before test class: context [DefaultTestContext@13be18f testClass = CartApplicationTests, testInstance = [null], testMethod = [null], testException = [null], mergedContextConfiguration = [WebMergedContextConfiguration@181dc0a testClass = CartApplicationTests, locations = '{}', classes = '{class com.example.demo.CartApplication}', contextInitializerClasses = '[]', activeProfiles = '{}', propertySourceLocations = '{}', propertySourceProperties = '{org.springframework.boot.test.context.SpringBootTestContextBootstrapper=true}', contextCustomizers = set[org.springframework.boot.test.autoconfigure.actuate.metrics.MetricsExportContextCustomizerFactory$DisableMetricExportContextCustomizer@f6d1be, org.springframework.boot.test.autoconfigure.properties.PropertyMappingContextCustomizer@0, org.springframework.boot.test.autoconfigure.web.servlet.WebDriverContextCustomizerFactory$Customizer@519cb4, org.springframework.boot.test.context.filter.ExcludeFilterContextCustomizer@1049ea1, org.springframework.boot.test.json.DuplicateJsonObjectContextCustomizerFactory$DuplicateJsonObjectContextCustomizer@35809, org.springframework.boot.test.mock.mockito.MockitoContextCustomizer@0, org.springframework.boot.test.web.client.TestRestTemplateContextCustomizer@aa0244, org.springframework.boot.test.context.SpringBootTestArgs@1, org.springframework.boot.test.context.SpringBootTestWebEnvironment@1227d8d], resourceBasePath = 'src/main/webapp', contextLoader = 'org.springframework.boot.test.context.SpringBootContextLoader', parent = [null]], attributes = map['org.springframework.test.context.web.ServletTestExecutionListener.activateListener' -> true]], class annotated with @DirtiesContext [false] with mode [null].

  .   ____          _            __ _ _
 /\\ / ___'_ __ _ _(_)_ __  __ _ \ \ \ \
( ( )\___ | '_ | '_| | '_ \/ _` | \ \ \ \
 \\/  ___)| |_)| | | | | || (_| |  ) ) ) )
  '  |____| .__|_| |_|_| |_\__, | / / / /
 =========|_|==============|___/=/_/_/_/
 :: Spring Boot ::                (v2.6.4)

2022-03-08 09:47:44.880  INFO 25248 --- [    Test worker] com.example.demo.CartApplicationTests    : Starting CartApplicationTests using Java 1.8.0_202 on NCEL111923 with PID 25248 (started by yharaki in C:\Users\yharaki\IdeaProjects\microservice\cart)
2022-03-08 09:47:44.881  INFO 25248 --- [    Test worker] com.example.demo.CartApplicationTests    : No active profile set, falling back to 1 default profile: "default"
2022-03-08 09:47:45.417  INFO 25248 --- [    Test worker] .s.d.r.c.RepositoryConfigurationDelegate : Bootstrapping Spring Data JPA repositories in DEFAULT mode.
2022-03-08 09:47:45.467  INFO 25248 --- [    Test worker] .s.d.r.c.RepositoryConfigurationDelegate : Finished Spring Data repository scanning in 40 ms. Found 2 JPA repository interfaces.
2022-03-08 09:47:45.890  INFO 25248 --- [    Test worker] com.zaxxer.hikari.HikariDataSource       : HikariPool-1 - Starting...
2022-03-08 09:47:46.046  INFO 25248 --- [    Test worker] com.zaxxer.hikari.HikariDataSource       : HikariPool-1 - Start completed.
2022-03-08 09:47:46.107  INFO 25248 --- [    Test worker] o.hibernate.jpa.internal.util.LogHelper  : HHH000204: Processing PersistenceUnitInfo [name: default]
2022-03-08 09:47:46.155  INFO 25248 --- [    Test worker] org.hibernate.Version                    : HHH000412: Hibernate ORM core version 5.6.5.Final
2022-03-08 09:47:46.309  INFO 25248 --- [    Test worker] o.hibernate.annotations.common.Version   : HCANN000001: Hibernate Commons Annotations {5.1.2.Final}
2022-03-08 09:47:46.437  INFO 25248 --- [    Test worker] org.hibernate.dialect.Dialect            : HHH000400: Using dialect: org.hibernate.dialect.H2Dialect
Hibernate: drop table if exists cart CASCADE 
Hibernate: drop table if exists cart_products CASCADE 
Hibernate: drop table if exists cart_item CASCADE 
Hibernate: drop sequence if exists hibernate_sequence
Hibernate: create sequence hibernate_sequence start with 1 increment by 1
Hibernate: create table cart (id bigint not null, primary key (id))
Hibernate: create table cart_products (cart_id bigint not null, products_id bigint not null)
Hibernate: create table cart_item (id bigint not null, product_id bigint, quantity integer, primary key (id))
Hibernate: alter table cart_products add constraint UK_3kg5kx19f8oy0lo76hdhc1uw1 unique (products_id)
Hibernate: alter table cart_products add constraint FKl6gc2hlt3sp5gagbejnehi9nt foreign key (products_id) references cart_item
Hibernate: alter table cart_products add constraint FKnlhjc091rdu9k5c8u9xwp280w foreign key (cart_id) references cart
2022-03-08 09:47:47.079  INFO 25248 --- [    Test worker] o.h.e.t.j.p.i.JtaPlatformInitiator       : HHH000490: Using JtaPlatform implementation: [org.hibernate.engine.transaction.jta.platform.internal.NoJtaPlatform]
2022-03-08 09:47:47.087  INFO 25248 --- [    Test worker] j.LocalContainerEntityManagerFactoryBean : Initialized JPA EntityManagerFactory for persistence unit 'default'
2022-03-08 09:47:47.520  WARN 25248 --- [    Test worker] JpaBaseConfiguration$JpaWebConfiguration : spring.jpa.open-in-view is enabled by default. Therefore, database queries may be performed during view rendering. Explicitly configure spring.jpa.open-in-view to disable this warning
2022-03-08 09:47:47.731  INFO 25248 --- [    Test worker] o.s.b.a.h2.H2ConsoleAutoConfiguration    : H2 console available at '/h2-console'. Database available at 'jdbc:h2:mem:devDb'
2022-03-08 09:47:47.962  INFO 25248 --- [    Test worker] com.example.demo.CartApplicationTests    : Started CartApplicationTests in 3.285 seconds (JVM running for 4.217)
]]></system-out>
  <system-err><![CDATA[]]></system-err>
</testsuite>
